Performing C SOURCE FILE Test CMAKE_HAVE_LIBC_PTHREAD failed with the following output:
Change Dir: /home/jacopo/catkin_ws/src/pixelpilot/build/CMakeFiles/CMakeTmp

Run Build Command(s):/usr/bin/ninja cmTC_6fb73 && [1/2] Building C object CMakeFiles/cmTC_6fb73.dir/src.c.o
[2/2] Linking C executable cmTC_6fb73
FAILED: cmTC_6fb73 
: && /usr/bin/cc -DCMAKE_HAVE_LIBC_PTHREAD  -rdynamic CMakeFiles/cmTC_6fb73.dir/src.c.o  -o cmTC_6fb73   && :
/usr/bin/ld: CMakeFiles/cmTC_6fb73.dir/src.c.o: in function `main':
src.c:(.text+0x46): undefined reference to `pthread_create'
/usr/bin/ld: src.c:(.text+0x52): undefined reference to `pthread_detach'
/usr/bin/ld: src.c:(.text+0x63): undefined reference to `pthread_join'
collect2: error: ld returned 1 exit status
ninja: build stopped: subcommand failed.


Source file was:
#include <pthread.h>

void* test_func(void* data)
{
  return data;
}

int main(void)
{
  pthread_t thread;
  pthread_create(&thread, NULL, test_func, NULL);
  pthread_detach(thread);
  pthread_join(thread, NULL);
  pthread_atfork(NULL, NULL, NULL);
  pthread_exit(NULL);

  return 0;
}

Determining if the function pthread_create exists in the pthreads failed with the following output:
Change Dir: /home/jacopo/catkin_ws/src/pixelpilot/build/CMakeFiles/CMakeTmp

Run Build Command(s):/usr/bin/ninja cmTC_17ede && [1/2] Building C object CMakeFiles/cmTC_17ede.dir/CheckFunctionExists.c.o
[2/2] Linking C executable cmTC_17ede
FAILED: cmTC_17ede 
: && /usr/bin/cc -DCHECK_FUNCTION_EXISTS=pthread_create  -rdynamic CMakeFiles/cmTC_17ede.dir/CheckFunctionExists.c.o  -o cmTC_17ede  -lpthreads && :
/usr/bin/ld: cannot find -lpthreads
collect2: error: ld returned 1 exit status
ninja: build stopped: subcommand failed.



Performing C SOURCE FILE Test CMAKE_HAVE_LIBC_PTHREAD failed with the following output:
Change Dir: /home/jacopo/catkin_ws/src/pixelpilot/build/CMakeFiles/CMakeTmp

Run Build Command(s):/usr/bin/ninja cmTC_a169f && [1/2] Building C object CMakeFiles/cmTC_a169f.dir/src.c.o
[2/2] Linking C executable cmTC_a169f
FAILED: cmTC_a169f 
: && /usr/bin/cc -DCMAKE_HAVE_LIBC_PTHREAD  -rdynamic CMakeFiles/cmTC_a169f.dir/src.c.o  -o cmTC_a169f   && :
/usr/bin/ld: CMakeFiles/cmTC_a169f.dir/src.c.o: in function `main':
src.c:(.text+0x46): undefined reference to `pthread_create'
/usr/bin/ld: src.c:(.text+0x52): undefined reference to `pthread_detach'
/usr/bin/ld: src.c:(.text+0x63): undefined reference to `pthread_join'
collect2: error: ld returned 1 exit status
ninja: build stopped: subcommand failed.


Source file was:
#include <pthread.h>

void* test_func(void* data)
{
  return data;
}

int main(void)
{
  pthread_t thread;
  pthread_create(&thread, NULL, test_func, NULL);
  pthread_detach(thread);
  pthread_join(thread, NULL);
  pthread_atfork(NULL, NULL, NULL);
  pthread_exit(NULL);

  return 0;
}

Determining if the function pthread_create exists in the pthreads failed with the following output:
Change Dir: /home/jacopo/catkin_ws/src/pixelpilot/build/CMakeFiles/CMakeTmp

Run Build Command(s):/usr/bin/ninja cmTC_49a23 && [1/2] Building C object CMakeFiles/cmTC_49a23.dir/CheckFunctionExists.c.o
[2/2] Linking C executable cmTC_49a23
FAILED: cmTC_49a23 
: && /usr/bin/cc -DCHECK_FUNCTION_EXISTS=pthread_create  -rdynamic CMakeFiles/cmTC_49a23.dir/CheckFunctionExists.c.o  -o cmTC_49a23  -lpthreads && :
/usr/bin/ld: cannot find -lpthreads
collect2: error: ld returned 1 exit status
ninja: build stopped: subcommand failed.



